<?xml version="1.0" encoding="UTF-8"?>
<!-- Generated by org.testng.reporters.JUnitReportReporter -->
<testsuite hostname="USBLRKB5" name="com.api.tests.CommentsResourceTests" tests="4" failures="0" timestamp="2 Jun 2018 10:39:16 GMT" time="4.575" errors="0">
  <testcase name="checkCommentsWithInvalidParameters" time="1.333" classname="com.api.tests.CommentsResourceTests"/>
  <testcase name="getAllComments" time="1.585" classname="com.api.tests.CommentsResourceTests"/>
  <testcase name="checkCommentsCount" time="0.525" classname="com.api.tests.CommentsResourceTests"/>
  <testcase name="checkCommentsWithParameters" time="1.132" classname="com.api.tests.CommentsResourceTests"/>
</testsuite> <!-- com.api.tests.CommentsResourceTests -->
