<?xml version="1.0" encoding="UTF-8"?>
<!-- Generated by org.testng.reporters.JUnitReportReporter -->
<testsuite hostname="USBLRKB5" name="com.api.tests.CommentsResourceTests" tests="4" failures="0" timestamp="2 Jun 2018 11:02:51 GMT" time="3.147" errors="0">
  <testcase name="checkCommentsWithInvalidParameters" time="0.321" classname="com.api.tests.CommentsResourceTests"/>
  <testcase name="checkCommentsCount" time="0.475" classname="com.api.tests.CommentsResourceTests"/>
  <testcase name="checkCommentsWithParameters" time="0.293" classname="com.api.tests.CommentsResourceTests"/>
  <testcase name="getAllComments" time="2.058" classname="com.api.tests.CommentsResourceTests"/>
</testsuite> <!-- com.api.tests.CommentsResourceTests -->
